<?xml version="1.0" encoding="UTF-8"?>
<testng-results skipped="0" failed="0" total="1" passed="1">
  <reporter-output>
  </reporter-output>
  <suite name="Default suite" duration-ms="13948" started-at="2024-03-02T14:49:25Z" finished-at="2024-03-02T14:49:39Z">
    <groups>
    </groups>
    <test name="Default test" duration-ms="13948" started-at="2024-03-02T14:49:25Z" finished-at="2024-03-02T14:49:39Z">
      <class name="testCases.DryRunTest">
        <test-method status="PASS" signature="setUp()[pri:0, instance:testCases.DryRunTest@ff5b51f]" name="setUp" is-config="true" duration-ms="13222" started-at="2024-03-02T20:19:25Z" finished-at="2024-03-02T20:19:38Z">
          <reporter-output>
          </reporter-output>
        </test-method> <!-- setUp -->
        <test-method status="PASS" signature="dryRunTest()[pri:0, instance:testCases.DryRunTest@ff5b51f]" name="dryRunTest" duration-ms="3" started-at="2024-03-02T20:19:38Z" finished-at="2024-03-02T20:19:38Z">
          <reporter-output>
          </reporter-output>
        </test-method> <!-- dryRunTest -->
        <test-method status="PASS" signature="tearDown()[pri:0, instance:testCases.DryRunTest@ff5b51f]" name="tearDown" is-config="true" duration-ms="708" started-at="2024-03-02T20:19:38Z" finished-at="2024-03-02T20:19:39Z">
          <reporter-output>
          </reporter-output>
        </test-method> <!-- tearDown -->
      </class> <!-- testCases.DryRunTest -->
    </test> <!-- Default test -->
  </suite> <!-- Default suite -->
</testng-results>
